# JRE version: OpenJDK Runtime Environment (8.0_76-b03) (build 1.8.0_76-release-b03)
# Java VM: OpenJDK 64-Bit Server VM (25.76-b03 mixed mode windows-amd64 compressed oops)
Heap:
 PSYoungGen      total 122880K, used 72693K [0x00000000e0000000, 0x00000000e8f80000, 0x0000000100000000)
  eden space 113152K, 64% used [0x00000000e0000000,0x00000000e46fd590,0x00000000e6e80000)
  from space 9728K, 0% used [0x00000000e7800000,0x00000000e7800000,0x00000000e8180000)
  to   space 9728K, 0% used [0x00000000e6e80000,0x00000000e6e80000,0x00000000e7800000)
 ParOldGen       total 43008K, used 14294K [0x00000000a0000000, 0x00000000a2a00000, 0x00000000e0000000)
  object space 43008K, 33% used [0x00000000a0000000,0x00000000a0df5ac0,0x00000000a2a00000)
 Metaspace       used 41159K, capacity 41938K, committed 42368K, reserved 1085440K
  class space    used 5505K, capacity 5699K, committed 5760K, reserved 1048576K
GC Heap History (10 events):
Event: 17.364 GC heap before
{Heap before GC invocations=10 (full 1):
 PSYoungGen      total 60928K, used 60660K [0x00000000e0000000, 0x00000000e4b00000, 0x0000000100000000)
  eden space 56320K, 100% used [0x00000000e0000000,0x00000000e3700000,0x00000000e3700000)
  from space 4608K, 94% used [0x00000000e4680000,0x00000000e4abd168,0x00000000e4b00000)
  to   space 7168K, 0% used [0x00000000e3d00000,0x00000000e3d00000,0x00000000e4400000)
 ParOldGen       total 34304K, used 8180K [0x00000000a0000000, 0x00000000a2180000, 0x00000000e0000000)
  object space 34304K, 23% used [0x00000000a0000000,0x00000000a07fd220,0x00000000a2180000)
 Metaspace       used 27549K, capacity 28046K, committed 28288K, reserved 1073152K
  class space    used 3780K, capacity 3933K, committed 3968K, reserved 1048576K
Event: 17.386 GC heap after
Heap after GC invocations=10 (full 1):
 PSYoungGen      total 69632K, used 6806K [0x00000000e0000000, 0x00000000e5e00000, 0x0000000100000000)
  eden space 62464K, 0% used [0x00000000e0000000,0x00000000e0000000,0x00000000e3d00000)
  from space 7168K, 94% used [0x00000000e3d00000,0x00000000e43a58d0,0x00000000e4400000)
  to   space 7680K, 0% used [0x00000000e5680000,0x00000000e5680000,0x00000000e5e00000)
 ParOldGen       total 34304K, used 8188K [0x00000000a0000000, 0x00000000a2180000, 0x00000000e0000000)
  object space 34304K, 23% used [0x00000000a0000000,0x00000000a07ff220,0x00000000a2180000)
 Metaspace       used 27549K, capacity 28046K, committed 28288K, reserved 1073152K
  class space    used 3780K, capacity 3933K, committed 3968K, reserved 1048576K
}
Event: 21.569 GC heap before
{Heap before GC invocations=11 (full 1):
 PSYoungGen      total 69632K, used 69270K [0x00000000e0000000, 0x00000000e5e00000, 0x0000000100000000)
  eden space 62464K, 100% used [0x00000000e0000000,0x00000000e3d00000,0x00000000e3d00000)
  from space 7168K, 94% used [0x00000000e3d00000,0x00000000e43a58d0,0x00000000e4400000)
  to   space 7680K, 0% used [0x00000000e5680000,0x00000000e5680000,0x00000000e5e00000)
 ParOldGen       total 34304K, used 8188K [0x00000000a0000000, 0x00000000a2180000, 0x00000000e0000000)
  object space 34304K, 23% used [0x00000000a0000000,0x00000000a07ff220,0x00000000a2180000)
 Metaspace       used 28142K, capacity 28596K, committed 28800K, reserved 1075200K
  class space    used 3817K, capacity 3966K, committed 3968K, reserved 1048576K
Event: 21.580 GC heap after
Heap after GC invocations=11 (full 1):
 PSYoungGen      total 88576K, used 2495K [0x00000000e0000000, 0x00000000e6480000, 0x0000000100000000)
  eden space 80896K, 0% used [0x00000000e0000000,0x00000000e0000000,0x00000000e4f00000)
  from space 7680K, 32% used [0x00000000e5680000,0x00000000e58efc20,0x00000000e5e00000)
  to   space 7680K, 0% used [0x00000000e4f00000,0x00000000e4f00000,0x00000000e5680000)
 ParOldGen       total 34304K, used 10180K [0x00000000a0000000, 0x00000000a2180000, 0x00000000e0000000)
  object space 34304K, 29% used [0x00000000a0000000,0x00000000a09f1250,0x00000000a2180000)
 Metaspace       used 28142K, capacity 28596K, committed 28800K, reserved 1075200K
  class space    used 3817K, capacity 3966K, committed 3968K, reserved 1048576K
}
Event: 23.400 GC heap before
{Heap before GC invocations=12 (full 1):
 PSYoungGen      total 88576K, used 83391K [0x00000000e0000000, 0x00000000e6480000, 0x0000000100000000)
  eden space 80896K, 100% used [0x00000000e0000000,0x00000000e4f00000,0x00000000e4f00000)
  from space 7680K, 32% used [0x00000000e5680000,0x00000000e58efc20,0x00000000e5e00000)
  to   space 7680K, 0% used [0x00000000e4f00000,0x00000000e4f00000,0x00000000e5680000)
 ParOldGen       total 34304K, used 10180K [0x00000000a0000000, 0x00000000a2180000, 0x00000000e0000000)
  object space 34304K, 29% used [0x00000000a0000000,0x00000000a09f1250,0x00000000a2180000)
 Metaspace       used 34330K, capacity 34954K, committed 35328K, reserved 1079296K
  class space    used 4609K, capacity 4786K, committed 4864K, reserved 1048576K
Event: 23.424 GC heap after
Heap after GC invocations=12 (full 1):
 PSYoungGen      total 88576K, used 7650K [0x00000000e0000000, 0x00000000e8180000, 0x0000000100000000)
  eden space 80896K, 0% used [0x00000000e0000000,0x00000000e0000000,0x00000000e4f00000)
  from space 7680K, 99% used [0x00000000e4f00000,0x00000000e5678960,0x00000000e5680000)
  to   space 9728K, 0% used [0x00000000e7800000,0x00000000e7800000,0x00000000e8180000)
 ParOldGen       total 34304K, used 12275K [0x00000000a0000000, 0x00000000a2180000, 0x00000000e0000000)
  object space 34304K, 35% used [0x00000000a0000000,0x00000000a0bfccd0,0x00000000a2180000)
 Metaspace       used 34330K, capacity 34954K, committed 35328K, reserved 1079296K
  class space    used 4609K, capacity 4786K, committed 4864K, reserved 1048576K
}
Event: 23.520 GC heap before
{Heap before GC invocations=13 (full 1):
 PSYoungGen      total 88576K, used 10845K [0x00000000e0000000, 0x00000000e8180000, 0x0000000100000000)
  eden space 80896K, 3% used [0x00000000e0000000,0x00000000e031ed70,0x00000000e4f00000)
  from space 7680K, 99% used [0x00000000e4f00000,0x00000000e5678960,0x00000000e5680000)
  to   space 9728K, 0% used [0x00000000e7800000,0x00000000e7800000,0x00000000e8180000)
 ParOldGen       total 34304K, used 12275K [0x00000000a0000000, 0x00000000a2180000, 0x00000000e0000000)
  object space 34304K, 35% used [0x00000000a0000000,0x00000000a0bfccd0,0x00000000a2180000)
 Metaspace       used 34670K, capacity 35242K, committed 35496K, reserved 1079296K
  class space    used 4637K, capacity 4818K, committed 4864K, reserved 1048576K
Event: 23.604 GC heap after
Heap after GC invocations=13 (full 1):
 PSYoungGen      total 122880K, used 679K [0x00000000e0000000, 0x00000000e8f80000, 0x0000000100000000)
  eden space 113152K, 0% used [0x00000000e0000000,0x00000000e0000000,0x00000000e6e80000)
  from space 9728K, 6% used [0x00000000e7800000,0x00000000e78a9fa8,0x00000000e8180000)
  to   space 9728K, 0% used [0x00000000e6e80000,0x00000000e6e80000,0x00000000e7800000)
 ParOldGen       total 34304K, used 15746K [0x00000000a0000000, 0x00000000a2180000, 0x00000000e0000000)
  object space 34304K, 45% used [0x00000000a0000000,0x00000000a0f60b40,0x00000000a2180000)
 Metaspace       used 34670K, capacity 35242K, committed 35496K, reserved 1079296K
  class space    used 4637K, capacity 4818K, committed 4864K, reserved 1048576K
}
Event: 23.604 GC heap before
{Heap before GC invocations=14 (full 2):
 PSYoungGen      total 122880K, used 679K [0x00000000e0000000, 0x00000000e8f80000, 0x0000000100000000)
  eden space 113152K, 0% used [0x00000000e0000000,0x00000000e0000000,0x00000000e6e80000)
  from space 9728K, 6% used [0x00000000e7800000,0x00000000e78a9fa8,0x00000000e8180000)
  to   space 9728K, 0% used [0x00000000e6e80000,0x00000000e6e80000,0x00000000e7800000)
 ParOldGen       total 34304K, used 15746K [0x00000000a0000000, 0x00000000a2180000, 0x00000000e0000000)
  object space 34304K, 45% used [0x00000000a0000000,0x00000000a0f60b40,0x00000000a2180000)
 Metaspace       used 34670K, capacity 35242K, committed 35496K, reserved 1079296K
  class space    used 4637K, capacity 4818K, committed 4864K, reserved 1048576K
Event: 23.793 GC heap after
Heap after GC invocations=14 (full 2):
 PSYoungGen      total 122880K, used 0K [0x00000000e0000000, 0x00000000e8f80000, 0x0000000100000000)
  eden space 113152K, 0% used [0x00000000e0000000,0x00000000e0000000,0x00000000e6e80000)
  from space 9728K, 0% used [0x00000000e7800000,0x00000000e7800000,0x00000000e8180000)
  to   space 9728K, 0% used [0x00000000e6e80000,0x00000000e6e80000,0x00000000e7800000)
 ParOldGen       total 43008K, used 14294K [0x00000000a0000000, 0x00000000a2a00000, 0x00000000e0000000)
  object space 43008K, 33% used [0x00000000a0000000,0x00000000a0df5ac0,0x00000000a2a00000)
 Metaspace       used 34670K, capacity 35242K, committed 35496K, reserved 1079296K
  class space    used 4637K, capacity 4818K, committed 4864K, reserved 1048576K
}

