# JRE version: OpenJDK Runtime Environment (8.0_76-b03) (build 1.8.0_76-release-b03)
# Java VM: OpenJDK 64-Bit Server VM (25.76-b03 mixed mode windows-amd64 compressed oops)
Heap:
 PSYoungGen      total 239104K, used 131541K [0x00000000e0000000, 0x00000000efc00000, 0x0000000100000000)
  eden space 221184K, 59% used [0x00000000e0000000,0x00000000e8075578,0x00000000ed800000)
  from space 17920K, 0% used [0x00000000eea80000,0x00000000eea80000,0x00000000efc00000)
  to   space 18432K, 0% used [0x00000000ed800000,0x00000000ed800000,0x00000000eea00000)
 ParOldGen       total 53760K, used 40056K [0x00000000a0000000, 0x00000000a3480000, 0x00000000e0000000)
  object space 53760K, 74% used [0x00000000a0000000,0x00000000a271e270,0x00000000a3480000)
 Metaspace       used 54265K, capacity 56360K, committed 56624K, reserved 1097728K
  class space    used 7391K, capacity 7879K, committed 7984K, reserved 1048576K
GC Heap History (10 events):
Event: 34.870 GC heap before
{Heap before GC invocations=11 (full 2):
 PSYoungGen      total 122880K, used 9208K [0x00000000e0000000, 0x00000000eb800000, 0x0000000100000000)
  eden space 113664K, 0% used [0x00000000e0000000,0x00000000e0000000,0x00000000e6f00000)
  from space 9216K, 99% used [0x00000000e6f00000,0x00000000e77fe050,0x00000000e7800000)
  to   space 12288K, 0% used [0x00000000eac00000,0x00000000eac00000,0x00000000eb800000)
 ParOldGen       total 37376K, used 15044K [0x00000000a0000000, 0x00000000a2480000, 0x00000000e0000000)
  object space 37376K, 40% used [0x00000000a0000000,0x00000000a0eb1388,0x00000000a2480000)
 Metaspace       used 34647K, capacity 35340K, committed 35496K, reserved 1079296K
  class space    used 4681K, capacity 4857K, committed 4912K, reserved 1048576K
Event: 35.079 GC heap after
Heap after GC invocations=11 (full 2):
 PSYoungGen      total 122880K, used 0K [0x00000000e0000000, 0x00000000eb800000, 0x0000000100000000)
  eden space 113664K, 0% used [0x00000000e0000000,0x00000000e0000000,0x00000000e6f00000)
  from space 9216K, 0% used [0x00000000e6f00000,0x00000000e6f00000,0x00000000e7800000)
  to   space 12288K, 0% used [0x00000000eac00000,0x00000000eac00000,0x00000000eb800000)
 ParOldGen       total 53760K, used 19989K [0x00000000a0000000, 0x00000000a3480000, 0x00000000e0000000)
  object space 53760K, 37% used [0x00000000a0000000,0x00000000a1385710,0x00000000a3480000)
 Metaspace       used 34647K, capacity 35340K, committed 35496K, reserved 1079296K
  class space    used 4681K, capacity 4857K, committed 4912K, reserved 1048576K
}
Event: 40.995 GC heap before
{Heap before GC invocations=12 (full 2):
 PSYoungGen      total 122880K, used 113664K [0x00000000e0000000, 0x00000000eb800000, 0x0000000100000000)
  eden space 113664K, 100% used [0x00000000e0000000,0x00000000e6f00000,0x00000000e6f00000)
  from space 9216K, 0% used [0x00000000e6f00000,0x00000000e6f00000,0x00000000e7800000)
  to   space 12288K, 0% used [0x00000000eac00000,0x00000000eac00000,0x00000000eb800000)
 ParOldGen       total 53760K, used 19989K [0x00000000a0000000, 0x00000000a3480000, 0x00000000e0000000)
  object space 53760K, 37% used [0x00000000a0000000,0x00000000a1385710,0x00000000a3480000)
 Metaspace       used 42541K, capacity 43484K, committed 43696K, reserved 1087488K
  class space    used 5703K, capacity 5944K, committed 6064K, reserved 1048576K
Event: 41.054 GC heap after
Heap after GC invocations=12 (full 2):
 PSYoungGen      total 165888K, used 9778K [0x00000000e0000000, 0x00000000eb600000, 0x0000000100000000)
  eden space 155648K, 0% used [0x00000000e0000000,0x00000000e0000000,0x00000000e9800000)
  from space 10240K, 95% used [0x00000000eac00000,0x00000000eb58c9a8,0x00000000eb600000)
  to   space 12800K, 0% used [0x00000000e9d00000,0x00000000e9d00000,0x00000000ea980000)
 ParOldGen       total 53760K, used 20061K [0x00000000a0000000, 0x00000000a3480000, 0x00000000e0000000)
  object space 53760K, 37% used [0x00000000a0000000,0x00000000a1397720,0x00000000a3480000)
 Metaspace       used 42541K, capacity 43484K, committed 43696K, reserved 1087488K
  class space    used 5703K, capacity 5944K, committed 6064K, reserved 1048576K
}
Event: 48.093 GC heap before
{Heap before GC invocations=13 (full 2):
 PSYoungGen      total 165888K, used 165426K [0x00000000e0000000, 0x00000000eb600000, 0x0000000100000000)
  eden space 155648K, 100% used [0x00000000e0000000,0x00000000e9800000,0x00000000e9800000)
  from space 10240K, 95% used [0x00000000eac00000,0x00000000eb58c9a8,0x00000000eb600000)
  to   space 12800K, 0% used [0x00000000e9d00000,0x00000000e9d00000,0x00000000ea980000)
 ParOldGen       total 53760K, used 20061K [0x00000000a0000000, 0x00000000a3480000, 0x00000000e0000000)
  object space 53760K, 37% used [0x00000000a0000000,0x00000000a1397720,0x00000000a3480000)
 Metaspace       used 50083K, capacity 51614K, committed 51760K, reserved 1093632K
  class space    used 6842K, capacity 7188K, committed 7216K, reserved 1048576K
Event: 48.523 GC heap after
Heap after GC invocations=13 (full 2):
 PSYoungGen      total 173568K, used 12768K [0x00000000e0000000, 0x00000000efd00000, 0x0000000100000000)
  eden space 160768K, 0% used [0x00000000e0000000,0x00000000e0000000,0x00000000e9d00000)
  from space 12800K, 99% used [0x00000000e9d00000,0x00000000ea978010,0x00000000ea980000)
  to   space 18944K, 0% used [0x00000000eea80000,0x00000000eea80000,0x00000000efd00000)
 ParOldGen       total 53760K, used 31906K [0x00000000a0000000, 0x00000000a3480000, 0x00000000e0000000)
  object space 53760K, 59% used [0x00000000a0000000,0x00000000a1f28be0,0x00000000a3480000)
 Metaspace       used 50083K, capacity 51614K, committed 51760K, reserved 1093632K
  class space    used 6842K, capacity 7188K, committed 7216K, reserved 1048576K
}
Event: 52.056 GC heap before
{Heap before GC invocations=14 (full 2):
 PSYoungGen      total 173568K, used 66072K [0x00000000e0000000, 0x00000000efd00000, 0x0000000100000000)
  eden space 160768K, 33% used [0x00000000e0000000,0x00000000e340e0f8,0x00000000e9d00000)
  from space 12800K, 99% used [0x00000000e9d00000,0x00000000ea978010,0x00000000ea980000)
  to   space 18944K, 0% used [0x00000000eea80000,0x00000000eea80000,0x00000000efd00000)
 ParOldGen       total 53760K, used 31906K [0x00000000a0000000, 0x00000000a3480000, 0x00000000e0000000)
  object space 53760K, 59% used [0x00000000a0000000,0x00000000a1f28be0,0x00000000a3480000)
 Metaspace       used 51551K, capacity 53508K, committed 53680K, reserved 1095680K
  class space    used 7091K, capacity 7545K, committed 7600K, reserved 1048576K
Event: 52.308 GC heap after
Heap after GC invocations=14 (full 2):
 PSYoungGen      total 239104K, used 6472K [0x00000000e0000000, 0x00000000efc00000, 0x0000000100000000)
  eden space 221184K, 0% used [0x00000000e0000000,0x00000000e0000000,0x00000000ed800000)
  from space 17920K, 36% used [0x00000000eea80000,0x00000000ef0d2340,0x00000000efc00000)
  to   space 18432K, 0% used [0x00000000ed800000,0x00000000ed800000,0x00000000eea00000)
 ParOldGen       total 53760K, used 44580K [0x00000000a0000000, 0x00000000a3480000, 0x00000000e0000000)
  object space 53760K, 82% used [0x00000000a0000000,0x00000000a2b891a8,0x00000000a3480000)
 Metaspace       used 51551K, capacity 53508K, committed 53680K, reserved 1095680K
  class space    used 7091K, capacity 7545K, committed 7600K, reserved 1048576K
}
Event: 52.308 GC heap before
{Heap before GC invocations=15 (full 3):
 PSYoungGen      total 239104K, used 6472K [0x00000000e0000000, 0x00000000efc00000, 0x0000000100000000)
  eden space 221184K, 0% used [0x00000000e0000000,0x00000000e0000000,0x00000000ed800000)
  from space 17920K, 36% used [0x00000000eea80000,0x00000000ef0d2340,0x00000000efc00000)
  to   space 18432K, 0% used [0x00000000ed800000,0x00000000ed800000,0x00000000eea00000)
 ParOldGen       total 53760K, used 44580K [0x00000000a0000000, 0x00000000a3480000, 0x00000000e0000000)
  object space 53760K, 82% used [0x00000000a0000000,0x00000000a2b891a8,0x00000000a3480000)
 Metaspace       used 51551K, capacity 53508K, committed 53680K, reserved 1095680K
  class space    used 7091K, capacity 7545K, committed 7600K, reserved 1048576K
Event: 53.130 GC heap after
Heap after GC invocations=15 (full 3):
 PSYoungGen      total 239104K, used 0K [0x00000000e0000000, 0x00000000efc00000, 0x0000000100000000)
  eden space 221184K, 0% used [0x00000000e0000000,0x00000000e0000000,0x00000000ed800000)
  from space 17920K, 0% used [0x00000000eea80000,0x00000000eea80000,0x00000000efc00000)
  to   space 18432K, 0% used [0x00000000ed800000,0x00000000ed800000,0x00000000eea00000)
 ParOldGen       total 53760K, used 40056K [0x00000000a0000000, 0x00000000a3480000, 0x00000000e0000000)
  object space 53760K, 74% used [0x00000000a0000000,0x00000000a271e270,0x00000000a3480000)
 Metaspace       used 51551K, capacity 53508K, committed 53680K, reserved 1095680K
  class space    used 7091K, capacity 7545K, committed 7600K, reserved 1048576K
}

