# JRE version: OpenJDK Runtime Environment (8.0_76-b03) (build 1.8.0_76-release-b03)
# Java VM: OpenJDK 64-Bit Server VM (25.76-b03 mixed mode windows-amd64 compressed oops)
Heap:
 PSYoungGen      total 297984K, used 261120K [0x00000000e0000000, 0x00000000f4600000, 0x0000000100000000)
  eden space 280576K, 93% used [0x00000000e0000000,0x00000000eff00108,0x00000000f1200000)
  from space 17408K, 0% used [0x00000000f2900000,0x00000000f2900000,0x00000000f3a00000)
  to   space 23552K, 0% used [0x00000000f1200000,0x00000000f1200000,0x00000000f2900000)
 ParOldGen       total 93184K, used 49571K [0x00000000a0000000, 0x00000000a5b00000, 0x00000000e0000000)
  object space 93184K, 53% used [0x00000000a0000000,0x00000000a3068cb8,0x00000000a5b00000)
 Metaspace       used 61274K, capacity 63738K, committed 63920K, reserved 1103872K
  class space    used 8222K, capacity 8762K, committed 8880K, reserved 1048576K
GC Heap History (10 events):
Event: 16.749 GC heap before
{Heap before GC invocations=10 (full 2):
 PSYoungGen      total 214528K, used 9051K [0x00000000e0000000, 0x00000000eee00000, 0x0000000100000000)
  eden space 202752K, 0% used [0x00000000e0000000,0x00000000e0000000,0x00000000ec600000)
  from space 11776K, 76% used [0x00000000ed200000,0x00000000edad6fe8,0x00000000edd80000)
  to   space 12288K, 0% used [0x00000000ec600000,0x00000000ec600000,0x00000000ed200000)
 ParOldGen       total 35840K, used 8664K [0x00000000a0000000, 0x00000000a2300000, 0x00000000e0000000)
  object space 35840K, 24% used [0x00000000a0000000,0x00000000a0876338,0x00000000a2300000)
 Metaspace       used 34645K, capacity 35334K, committed 35496K, reserved 1079296K
  class space    used 4673K, capacity 4856K, committed 4912K, reserved 1048576K
Event: 16.881 GC heap after
Heap after GC invocations=10 (full 2):
 PSYoungGen      total 214528K, used 0K [0x00000000e0000000, 0x00000000eee00000, 0x0000000100000000)
  eden space 202752K, 0% used [0x00000000e0000000,0x00000000e0000000,0x00000000ec600000)
  from space 11776K, 0% used [0x00000000ed200000,0x00000000ed200000,0x00000000edd80000)
  to   space 12288K, 0% used [0x00000000ec600000,0x00000000ec600000,0x00000000ed200000)
 ParOldGen       total 49664K, used 16526K [0x00000000a0000000, 0x00000000a3080000, 0x00000000e0000000)
  object space 49664K, 33% used [0x00000000a0000000,0x00000000a1023980,0x00000000a3080000)
 Metaspace       used 34645K, capacity 35334K, committed 35496K, reserved 1079296K
  class space    used 4673K, capacity 4856K, committed 4912K, reserved 1048576K
}
Event: 23.736 GC heap before
{Heap before GC invocations=11 (full 2):
 PSYoungGen      total 214528K, used 202752K [0x00000000e0000000, 0x00000000eee00000, 0x0000000100000000)
  eden space 202752K, 100% used [0x00000000e0000000,0x00000000ec600000,0x00000000ec600000)
  from space 11776K, 0% used [0x00000000ed200000,0x00000000ed200000,0x00000000edd80000)
  to   space 12288K, 0% used [0x00000000ec600000,0x00000000ec600000,0x00000000ed200000)
 ParOldGen       total 49664K, used 16526K [0x00000000a0000000, 0x00000000a3080000, 0x00000000e0000000)
  object space 49664K, 33% used [0x00000000a0000000,0x00000000a1023980,0x00000000a3080000)
 Metaspace       used 48158K, capacity 49552K, committed 49584K, reserved 1091584K
  class space    used 6499K, capacity 6806K, committed 6832K, reserved 1048576K
Event: 23.817 GC heap after
Heap after GC invocations=11 (full 2):
 PSYoungGen      total 215040K, used 12257K [0x00000000e0000000, 0x00000000f3a00000, 0x0000000100000000)
  eden space 202752K, 0% used [0x00000000e0000000,0x00000000e0000000,0x00000000ec600000)
  from space 12288K, 99% used [0x00000000ec600000,0x00000000ed1f86d8,0x00000000ed200000)
  to   space 17408K, 0% used [0x00000000f2900000,0x00000000f2900000,0x00000000f3a00000)
 ParOldGen       total 49664K, used 24948K [0x00000000a0000000, 0x00000000a3080000, 0x00000000e0000000)
  object space 49664K, 50% used [0x00000000a0000000,0x00000000a185d2f8,0x00000000a3080000)
 Metaspace       used 48158K, capacity 49552K, committed 49584K, reserved 1091584K
  class space    used 6499K, capacity 6806K, committed 6832K, reserved 1048576K
}
Event: 26.675 GC heap before
{Heap before GC invocations=12 (full 2):
 PSYoungGen      total 215040K, used 130816K [0x00000000e0000000, 0x00000000f3a00000, 0x0000000100000000)
  eden space 202752K, 58% used [0x00000000e0000000,0x00000000e73c79d8,0x00000000ec600000)
  from space 12288K, 99% used [0x00000000ec600000,0x00000000ed1f86d8,0x00000000ed200000)
  to   space 17408K, 0% used [0x00000000f2900000,0x00000000f2900000,0x00000000f3a00000)
 ParOldGen       total 49664K, used 24948K [0x00000000a0000000, 0x00000000a3080000, 0x00000000e0000000)
  object space 49664K, 50% used [0x00000000a0000000,0x00000000a185d2f8,0x00000000a3080000)
 Metaspace       used 51548K, capacity 53420K, committed 53680K, reserved 1095680K
  class space    used 7092K, capacity 7543K, committed 7600K, reserved 1048576K
Event: 26.827 GC heap after
Heap after GC invocations=12 (full 2):
 PSYoungGen      total 297984K, used 17407K [0x00000000e0000000, 0x00000000f4600000, 0x0000000100000000)
  eden space 280576K, 0% used [0x00000000e0000000,0x00000000e0000000,0x00000000f1200000)
  from space 17408K, 99% used [0x00000000f2900000,0x00000000f39fff88,0x00000000f3a00000)
  to   space 23552K, 0% used [0x00000000f1200000,0x00000000f1200000,0x00000000f2900000)
 ParOldGen       total 49664K, used 34266K [0x00000000a0000000, 0x00000000a3080000, 0x00000000e0000000)
  object space 49664K, 68% used [0x00000000a0000000,0x00000000a2176a70,0x00000000a3080000)
 Metaspace       used 51548K, capacity 53420K, committed 53680K, reserved 1095680K
  class space    used 7092K, capacity 7543K, committed 7600K, reserved 1048576K
}
Event: 26.827 GC heap before
{Heap before GC invocations=13 (full 3):
 PSYoungGen      total 297984K, used 17407K [0x00000000e0000000, 0x00000000f4600000, 0x0000000100000000)
  eden space 280576K, 0% used [0x00000000e0000000,0x00000000e0000000,0x00000000f1200000)
  from space 17408K, 99% used [0x00000000f2900000,0x00000000f39fff88,0x00000000f3a00000)
  to   space 23552K, 0% used [0x00000000f1200000,0x00000000f1200000,0x00000000f2900000)
 ParOldGen       total 49664K, used 34266K [0x00000000a0000000, 0x00000000a3080000, 0x00000000e0000000)
  object space 49664K, 68% used [0x00000000a0000000,0x00000000a2176a70,0x00000000a3080000)
 Metaspace       used 51548K, capacity 53420K, committed 53680K, reserved 1095680K
  class space    used 7092K, capacity 7543K, committed 7600K, reserved 1048576K
Event: 27.442 GC heap after
Heap after GC invocations=13 (full 3):
 PSYoungGen      total 297984K, used 0K [0x00000000e0000000, 0x00000000f4600000, 0x0000000100000000)
  eden space 280576K, 0% used [0x00000000e0000000,0x00000000e0000000,0x00000000f1200000)
  from space 17408K, 0% used [0x00000000f2900000,0x00000000f2900000,0x00000000f3a00000)
  to   space 23552K, 0% used [0x00000000f1200000,0x00000000f1200000,0x00000000f2900000)
 ParOldGen       total 49664K, used 41138K [0x00000000a0000000, 0x00000000a3080000, 0x00000000e0000000)
  object space 49664K, 82% used [0x00000000a0000000,0x00000000a282c8b8,0x00000000a3080000)
 Metaspace       used 51548K, capacity 53420K, committed 53680K, reserved 1095680K
  class space    used 7092K, capacity 7543K, committed 7600K, reserved 1048576K
}
Event: 51.775 GC heap before
{Heap before GC invocations=14 (full 4):
 PSYoungGen      total 297984K, used 280576K [0x00000000e0000000, 0x00000000f4600000, 0x0000000100000000)
  eden space 280576K, 100% used [0x00000000e0000000,0x00000000f1200000,0x00000000f1200000)
  from space 17408K, 0% used [0x00000000f2900000,0x00000000f2900000,0x00000000f3a00000)
  to   space 23552K, 0% used [0x00000000f1200000,0x00000000f1200000,0x00000000f2900000)
 ParOldGen       total 49664K, used 41138K [0x00000000a0000000, 0x00000000a3080000, 0x00000000e0000000)
  object space 49664K, 82% used [0x00000000a0000000,0x00000000a282c8b8,0x00000000a3080000)
 Metaspace       used 58362K, capacity 60470K, committed 60848K, reserved 1101824K
  class space    used 7864K, capacity 8310K, committed 8368K, reserved 1048576K
Event: 52.441 GC heap after
Heap after GC invocations=14 (full 4):
 PSYoungGen      total 297984K, used 1407K [0x00000000e0000000, 0x00000000f4600000, 0x0000000100000000)
  eden space 280576K, 0% used [0x00000000e0000000,0x00000000e015fec0,0x00000000f1200000)
  from space 17408K, 0% used [0x00000000f2900000,0x00000000f2900000,0x00000000f3a00000)
  to   space 23552K, 0% used [0x00000000f1200000,0x00000000f1200000,0x00000000f2900000)
 ParOldGen       total 93184K, used 49571K [0x00000000a0000000, 0x00000000a5b00000, 0x00000000e0000000)
  object space 93184K, 53% used [0x00000000a0000000,0x00000000a3068cb8,0x00000000a5b00000)
 Metaspace       used 58360K, capacity 60464K, committed 60848K, reserved 1101824K
  class space    used 7864K, capacity 8309K, committed 8368K, reserved 1048576K
}

