# JRE version: OpenJDK Runtime Environment (8.0_76-b03) (build 1.8.0_76-release-b03)
# Java VM: OpenJDK 64-Bit Server VM (25.76-b03 mixed mode windows-amd64 compressed oops)
Heap:
 PSYoungGen      total 212480K, used 91470K [0x00000000e0000000, 0x00000000edf80000, 0x0000000100000000)
  eden space 200192K, 39% used [0x00000000e0000000,0x00000000e4df24e8,0x00000000ec380000)
  from space 12288K, 94% used [0x00000000ed380000,0x00000000edee1670,0x00000000edf80000)
  to   space 14336K, 0% used [0x00000000ec380000,0x00000000ec380000,0x00000000ed180000)
 ParOldGen       total 46592K, used 22496K [0x00000000a0000000, 0x00000000a2d80000, 0x00000000e0000000)
  object space 46592K, 48% used [0x00000000a0000000,0x00000000a15f8028,0x00000000a2d80000)
 Metaspace       used 56085K, capacity 57400K, committed 57728K, reserved 1099776K
  class space    used 7421K, capacity 7704K, committed 7808K, reserved 1048576K
GC Heap History (10 events):
Event: 24.346 GC heap before
{Heap before GC invocations=10 (full 1):
 PSYoungGen      total 107520K, used 106695K [0x00000000e0000000, 0x00000000e7500000, 0x0000000100000000)
  eden space 101376K, 100% used [0x00000000e0000000,0x00000000e6300000,0x00000000e6300000)
  from space 6144K, 86% used [0x00000000e6f00000,0x00000000e7431ee8,0x00000000e7500000)
  to   space 9216K, 0% used [0x00000000e6300000,0x00000000e6300000,0x00000000e6c00000)
 ParOldGen       total 36352K, used 8190K [0x00000000a0000000, 0x00000000a2380000, 0x00000000e0000000)
  object space 36352K, 22% used [0x00000000a0000000,0x00000000a07ffa10,0x00000000a2380000)
 Metaspace       used 34321K, capacity 34896K, committed 35328K, reserved 1079296K
  class space    used 4614K, capacity 4787K, committed 4864K, reserved 1048576K
Event: 24.471 GC heap after
Heap after GC invocations=10 (full 1):
 PSYoungGen      total 110592K, used 9204K [0x00000000e0000000, 0x00000000e9b00000, 0x0000000100000000)
  eden space 101376K, 0% used [0x00000000e0000000,0x00000000e0000000,0x00000000e6300000)
  from space 9216K, 99% used [0x00000000e6300000,0x00000000e6bfd388,0x00000000e6c00000)
  to   space 11776K, 0% used [0x00000000e8f80000,0x00000000e8f80000,0x00000000e9b00000)
 ParOldGen       total 36352K, used 11254K [0x00000000a0000000, 0x00000000a2380000, 0x00000000e0000000)
  object space 36352K, 30% used [0x00000000a0000000,0x00000000a0afdb78,0x00000000a2380000)
 Metaspace       used 34321K, capacity 34896K, committed 35328K, reserved 1079296K
  class space    used 4614K, capacity 4787K, committed 4864K, reserved 1048576K
}
Event: 24.709 GC heap before
{Heap before GC invocations=11 (full 1):
 PSYoungGen      total 110592K, used 11230K [0x00000000e0000000, 0x00000000e9b00000, 0x0000000100000000)
  eden space 101376K, 1% used [0x00000000e0000000,0x00000000e01fa870,0x00000000e6300000)
  from space 9216K, 99% used [0x00000000e6300000,0x00000000e6bfd388,0x00000000e6c00000)
  to   space 11776K, 0% used [0x00000000e8f80000,0x00000000e8f80000,0x00000000e9b00000)
 ParOldGen       total 36352K, used 11254K [0x00000000a0000000, 0x00000000a2380000, 0x00000000e0000000)
  object space 36352K, 30% used [0x00000000a0000000,0x00000000a0afdb78,0x00000000a2380000)
 Metaspace       used 34685K, capacity 35248K, committed 35496K, reserved 1079296K
  class space    used 4644K, capacity 4819K, committed 4864K, reserved 1048576K
Event: 24.823 GC heap after
Heap after GC invocations=11 (full 1):
 PSYoungGen      total 147456K, used 4383K [0x00000000e0000000, 0x00000000eab80000, 0x0000000100000000)
  eden space 135680K, 0% used [0x00000000e0000000,0x00000000e0000000,0x00000000e8480000)
  from space 11776K, 37% used [0x00000000e8f80000,0x00000000e93c7fb0,0x00000000e9b00000)
  to   space 11264K, 0% used [0x00000000e8480000,0x00000000e8480000,0x00000000e8f80000)
 ParOldGen       total 36352K, used 14438K [0x00000000a0000000, 0x00000000a2380000, 0x00000000e0000000)
  object space 36352K, 39% used [0x00000000a0000000,0x00000000a0e19bd0,0x00000000a2380000)
 Metaspace       used 34685K, capacity 35248K, committed 35496K, reserved 1079296K
  class space    used 4644K, capacity 4819K, committed 4864K, reserved 1048576K
}
Event: 24.824 GC heap before
{Heap before GC invocations=12 (full 2):
 PSYoungGen      total 147456K, used 4383K [0x00000000e0000000, 0x00000000eab80000, 0x0000000100000000)
  eden space 135680K, 0% used [0x00000000e0000000,0x00000000e0000000,0x00000000e8480000)
  from space 11776K, 37% used [0x00000000e8f80000,0x00000000e93c7fb0,0x00000000e9b00000)
  to   space 11264K, 0% used [0x00000000e8480000,0x00000000e8480000,0x00000000e8f80000)
 ParOldGen       total 36352K, used 14438K [0x00000000a0000000, 0x00000000a2380000, 0x00000000e0000000)
  object space 36352K, 39% used [0x00000000a0000000,0x00000000a0e19bd0,0x00000000a2380000)
 Metaspace       used 34685K, capacity 35248K, committed 35496K, reserved 1079296K
  class space    used 4644K, capacity 4819K, committed 4864K, reserved 1048576K
Event: 24.997 GC heap after
Heap after GC invocations=12 (full 2):
 PSYoungGen      total 147456K, used 0K [0x00000000e0000000, 0x00000000eab80000, 0x0000000100000000)
  eden space 135680K, 0% used [0x00000000e0000000,0x00000000e0000000,0x00000000e8480000)
  from space 11776K, 0% used [0x00000000e8f80000,0x00000000e8f80000,0x00000000e9b00000)
  to   space 11264K, 0% used [0x00000000e8480000,0x00000000e8480000,0x00000000e8f80000)
 ParOldGen       total 46592K, used 14302K [0x00000000a0000000, 0x00000000a2d80000, 0x00000000e0000000)
  object space 46592K, 30% used [0x00000000a0000000,0x00000000a0df7810,0x00000000a2d80000)
 Metaspace       used 34685K, capacity 35248K, committed 35496K, reserved 1079296K
  class space    used 4644K, capacity 4819K, committed 4864K, reserved 1048576K
}
Event: 32.003 GC heap before
{Heap before GC invocations=13 (full 2):
 PSYoungGen      total 147456K, used 135680K [0x00000000e0000000, 0x00000000eab80000, 0x0000000100000000)
  eden space 135680K, 100% used [0x00000000e0000000,0x00000000e8480000,0x00000000e8480000)
  from space 11776K, 0% used [0x00000000e8f80000,0x00000000e8f80000,0x00000000e9b00000)
  to   space 11264K, 0% used [0x00000000e8480000,0x00000000e8480000,0x00000000e8f80000)
 ParOldGen       total 46592K, used 14302K [0x00000000a0000000, 0x00000000a2d80000, 0x00000000e0000000)
  object space 46592K, 30% used [0x00000000a0000000,0x00000000a0df7810,0x00000000a2d80000)
 Metaspace       used 43257K, capacity 44174K, committed 44416K, reserved 1087488K
  class space    used 5781K, capacity 5983K, committed 6016K, reserved 1048576K
Event: 32.092 GC heap after
Heap after GC invocations=13 (full 2):
 PSYoungGen      total 146944K, used 11256K [0x00000000e0000000, 0x00000000ee080000, 0x0000000100000000)
  eden space 135680K, 0% used [0x00000000e0000000,0x00000000e0000000,0x00000000e8480000)
  from space 11264K, 99% used [0x00000000e8480000,0x00000000e8f7e3a0,0x00000000e8f80000)
  to   space 13312K, 0% used [0x00000000ed380000,0x00000000ed380000,0x00000000ee080000)
 ParOldGen       total 46592K, used 15158K [0x00000000a0000000, 0x00000000a2d80000, 0x00000000e0000000)
  object space 46592K, 32% used [0x00000000a0000000,0x00000000a0ecd900,0x00000000a2d80000)
 Metaspace       used 43257K, capacity 44174K, committed 44416K, reserved 1087488K
  class space    used 5781K, capacity 5983K, committed 6016K, reserved 1048576K
}
Event: 41.300 GC heap before
{Heap before GC invocations=14 (full 2):
 PSYoungGen      total 146944K, used 146936K [0x00000000e0000000, 0x00000000ee080000, 0x0000000100000000)
  eden space 135680K, 100% used [0x00000000e0000000,0x00000000e8480000,0x00000000e8480000)
  from space 11264K, 99% used [0x00000000e8480000,0x00000000e8f7e3a0,0x00000000e8f80000)
  to   space 13312K, 0% used [0x00000000ed380000,0x00000000ed380000,0x00000000ee080000)
 ParOldGen       total 46592K, used 15158K [0x00000000a0000000, 0x00000000a2d80000, 0x00000000e0000000)
  object space 46592K, 32% used [0x00000000a0000000,0x00000000a0ecd900,0x00000000a2d80000)
 Metaspace       used 49930K, capacity 51164K, committed 51328K, reserved 1093632K
  class space    used 6664K, capacity 6950K, committed 7040K, reserved 1048576K
Event: 41.403 GC heap after
Heap after GC invocations=14 (full 2):
 PSYoungGen      total 212480K, used 11653K [0x00000000e0000000, 0x00000000edf80000, 0x0000000100000000)
  eden space 200192K, 0% used [0x00000000e0000000,0x00000000e0000000,0x00000000ec380000)
  from space 12288K, 94% used [0x00000000ed380000,0x00000000edee1670,0x00000000edf80000)
  to   space 14336K, 0% used [0x00000000ec380000,0x00000000ec380000,0x00000000ed180000)
 ParOldGen       total 46592K, used 22496K [0x00000000a0000000, 0x00000000a2d80000, 0x00000000e0000000)
  object space 46592K, 48% used [0x00000000a0000000,0x00000000a15f8028,0x00000000a2d80000)
 Metaspace       used 49930K, capacity 51164K, committed 51328K, reserved 1093632K
  class space    used 6664K, capacity 6950K, committed 7040K, reserved 1048576K
}

